<?xml version="1.0" encoding="UTF-8"?>
<!-- Generated by org.testng.reporters.JUnitReportReporter -->
<testsuite skipped="0" hostname="MERCURY-PC" name="datadrivenpractice.orangehrm.testcases.AddEducationLevel" tests="6" failures="0" timestamp="28 Jan 2019 18:00:43 GMT" time="10.769" errors="0">
  <testcase name="loginPageTitleTest" time="0.013" classname="datadrivenpractice.orangehrm.testcases.AddEducationLevel"/>
  <testcase name="loginflowTest" time="2.316" classname="datadrivenpractice.orangehrm.testcases.AddEducationLevel"/>
  <testcase name="NavigateToEducationPage" time="2.428" classname="datadrivenpractice.orangehrm.testcases.AddEducationLevel"/>
  <testcase name="AddEducationDetails" time="1.920" classname="datadrivenpractice.orangehrm.testcases.AddEducationLevel"/>
  <testcase name="AddEducationDetails" time="2.507" classname="datadrivenpractice.orangehrm.testcases.AddEducationLevel"/>
  <testcase name="AddEducationDetails" time="1.585" classname="datadrivenpractice.orangehrm.testcases.AddEducationLevel"/>
</testsuite> <!-- datadrivenpractice.orangehrm.testcases.AddEducationLevel -->
